0 info it worked if it ends with ok
1 verbose cli [ '/usr/local/bin/node',
1 verbose cli   '/usr/local/bin/npm',
1 verbose cli   'run',
1 verbose cli   'start-dev' ]
2 info using npm@3.10.9
3 info using node@v7.7.4
4 verbose run-script [ 'prestart-dev', 'start-dev', 'poststart-dev' ]
5 info lifecycle boilerplate-project@1.0.0~prestart-dev: boilerplate-project@1.0.0
6 silly lifecycle boilerplate-project@1.0.0~prestart-dev: no script for prestart-dev, continuing
7 info lifecycle boilerplate-project@1.0.0~start-dev: boilerplate-project@1.0.0
8 verbose lifecycle boilerplate-project@1.0.0~start-dev: unsafe-perm in lifecycle true
9 verbose lifecycle boilerplate-project@1.0.0~start-dev: PATH: /usr/local/lib/node_modules/npm/bin/node-gyp-bin:/Users/Olli/Documents/Work/Aalto_2017/Workspace/applications/3-2-scenario-building/scenario-building-frontend/node_modules/.bin:/usr/local/heroku/bin:/Library/Frameworks/Python.framework/Versions/3.4/bin:/usr/local/bin:/usr/local/bin:/usr/bin:/bin:/usr/sbin:/sbin:/opt/X11/bin:/Users/Olli/Documents/sumo-0.21.0/bin:/Library/Java/JavaVirtualMachines/scala-2.10.4/bin:/etc/launchd.conf:/Users/Olli/Documents/Work/TeliaSonera/glassfish4/bin:/Users/Olli/Documents/Work/TeliaSonera/glassfish4/glassfish/bin:/Users/Olli/Documents/Work/TeliaSonera/glassfish4/ant/bin:/Users/Olli/.local/bin
10 verbose lifecycle boilerplate-project@1.0.0~start-dev: CWD: /Users/Olli/Documents/Work/Aalto_2017/Workspace/applications/3-2-scenario-building/scenario-building-frontend
11 silly lifecycle boilerplate-project@1.0.0~start-dev: Args: [ '-c', 'node devServer.js' ]
12 silly lifecycle boilerplate-project@1.0.0~start-dev: Returned: code: 1  signal: null
13 info lifecycle boilerplate-project@1.0.0~start-dev: Failed to exec start-dev script
14 verbose stack Error: boilerplate-project@1.0.0 start-dev: `node devServer.js`
14 verbose stack Exit status 1
14 verbose stack     at EventEmitter.<anonymous> (/usr/local/lib/node_modules/npm/lib/utils/lifecycle.js:255:16)
14 verbose stack     at emitTwo (events.js:106:13)
14 verbose stack     at EventEmitter.emit (events.js:194:7)
14 verbose stack     at ChildProcess.<anonymous> (/usr/local/lib/node_modules/npm/lib/utils/spawn.js:40:14)
14 verbose stack     at emitTwo (events.js:106:13)
14 verbose stack     at ChildProcess.emit (events.js:194:7)
14 verbose stack     at maybeClose (internal/child_process.js:899:16)
14 verbose stack     at Process.ChildProcess._handle.onexit (internal/child_process.js:226:5)
15 verbose pkgid boilerplate-project@1.0.0
16 verbose cwd /Users/Olli/Documents/Work/Aalto_2017/Workspace/applications/3-2-scenario-building/scenario-building-frontend/server
17 error Darwin 16.3.0
18 error argv "/usr/local/bin/node" "/usr/local/bin/npm" "run" "start-dev"
19 error node v7.7.4
20 error npm  v3.10.9
21 error code ELIFECYCLE
22 error boilerplate-project@1.0.0 start-dev: `node devServer.js`
22 error Exit status 1
23 error Failed at the boilerplate-project@1.0.0 start-dev script 'node devServer.js'.
23 error Make sure you have the latest version of node.js and npm installed.
23 error If you do, this is most likely a problem with the boilerplate-project package,
23 error not with npm itself.
23 error Tell the author that this fails on your system:
23 error     node devServer.js
23 error You can get information on how to open an issue for this project with:
23 error     npm bugs boilerplate-project
23 error Or if that isn't available, you can get their info via:
23 error     npm owner ls boilerplate-project
23 error There is likely additional logging output above.
24 verbose exit [ 1, true ]
